<?xml version="1.0" encoding="UTF-8"?>
<!-- Generated by org.testng.reporters.JUnitReportReporter -->
<testsuite hostname="DESKTOP-UMEFVFH" failures="0" tests="3" name="day35.Firsttest" time="0.044" errors="0" timestamp="2024-04-23T10:14:29 IST" skipped="0">
  <testcase classname="day35.Firsttest" name="openapp" time="0.029"/>
  <system-out/>
  <testcase classname="day35.Firsttest" name="login" time="0.006"/>
  <system-out/>
  <testcase classname="day35.Firsttest" name="logout" time="0.009"/>
  <system-out/>
</testsuite> <!-- day35.Firsttest -->
