<?xml version="1.0" encoding="UTF-8"?>
<!-- Generated by org.testng.reporters.JUnitReportReporter -->
<testsuite hostname="DESKTOP-UMEFVFH" failures="0" tests="1" name="day35.FourthTest" time="3.193" errors="0" timestamp="2024-04-23T10:14:29 IST" skipped="0">
  <testcase classname="day35.FourthTest" name="login" time="3.193"/>
  <system-out/>
</testsuite> <!-- day35.FourthTest -->
