<?xml version="1.0" encoding="UTF-8"?>
<!-- Generated by org.testng.reporters.JUnitReportReporter -->
<testsuite hostname="DESKTOP-UMEFVFH" failures="0" tests="2" name="day36.DataProviderDemo_2" time="45.328" errors="0" timestamp="2024-04-24T17:14:26 IST" skipped="0">
  <testcase classname="day36.DataProviderDemo_2" name="testlogin" time="43.108"/>
  <system-out/>
  <testcase classname="day36.DataProviderDemo_2" name="testlogin" time="2.220"/>
  <system-out/>
</testsuite> <!-- day36.DataProviderDemo_2 -->
