<?xml version="1.0" encoding="UTF-8"?>
<!-- Generated by org.testng.reporters.JUnitReportReporter -->
<testsuite hostname="DESKTOP-UMEFVFH" failures="0" tests="3" name="day36.Grouping_Demo" time="0.082" errors="0" timestamp="2024-04-24T11:53:17 IST" skipped="0">
  <testcase classname="day36.Grouping_Demo" name="loginByFacebook" time="0.072"/>
  <system-out/>
  <testcase classname="day36.Grouping_Demo" name="loginBytwitter" time="0.007"/>
  <system-out/>
  <testcase classname="day36.Grouping_Demo" name="paymentinDoller" time="0.003"/>
  <system-out/>
</testsuite> <!-- day36.Grouping_Demo -->
