<?xml version="1.0" encoding="UTF-8"?>
<!-- Generated by org.testng.reporters.JUnitReportReporter -->
<testsuite hostname="DESKTOP-UMEFVFH" failures="0" tests="2" name="day41.LoginTest" time="3.629" errors="0" timestamp="2024-04-27T18:35:41 IST" skipped="0">
  <testcase classname="day41.LoginTest" name="testlogo" time="1.734"/>
  <system-out/>
  <testcase classname="day41.LoginTest" name="testlogin" time="1.895"/>
  <system-out/>
</testsuite> <!-- day41.LoginTest -->
