<?xml version="1.0" encoding="UTF-8"?>
<!-- Generated by org.testng.reporters.JUnitReportReporter -->
<testsuite hostname="DESKTOP-UMEFVFH" failures="0" tests="2" name="day42.LoginTest2" time="6.929" errors="0" timestamp="2024-04-27T19:21:21 IST" skipped="0">
  <testcase classname="day42.LoginTest2" name="testLogo" time="1.957"/>
  <system-out/>
  <testcase classname="day42.LoginTest2" name="testLogin" time="4.972"/>
  <system-out/>
</testsuite> <!-- day42.LoginTest2 -->
