<?xml version="1.0" encoding="UTF-8"?>
<!-- Generated by org.testng.reporters.JUnitReportReporter -->
<testsuite hostname="DESKTOP-UMEFVFH" failures="0" tests="4" name="day37.ParameterizedTest" time="2.438" errors="0" timestamp="2024-04-24T21:13:49 IST" skipped="0">
  <testcase classname="day37.ParameterizedTest" name="testlogo" time="1.548"/>
  <system-out/>
  <testcase classname="day37.ParameterizedTest" name="testlogo" time="0.691"/>
  <system-out/>
  <testcase classname="day37.ParameterizedTest" name="testhomePageTitle" time="0.084"/>
  <system-out/>
  <testcase classname="day37.ParameterizedTest" name="testhomePageTitle" time="0.115"/>
  <system-out/>
</testsuite> <!-- day37.ParameterizedTest -->
