<?xml version="1.0" encoding="UTF-8"?>
<!-- Generated by org.testng.reporters.JUnitReportReporter -->
<testsuite hostname="DESKTOP-UMEFVFH" failures="0" tests="6" name="day37.InvocationCountDemo" time="0.077" errors="0" timestamp="2024-04-24T18:30:56 IST" skipped="0">
  <testcase classname="day37.InvocationCountDemo" name="test1" time="0.032"/>
  <system-out/>
  <testcase classname="day37.InvocationCountDemo" name="test1" time="0.003"/>
  <system-out/>
  <testcase classname="day37.InvocationCountDemo" name="test1" time="0.010"/>
  <system-out/>
  <testcase classname="day37.InvocationCountDemo" name="test2" time="0.018"/>
  <system-out/>
  <testcase classname="day37.InvocationCountDemo" name="test1" time="0.008"/>
  <system-out/>
  <testcase classname="day37.InvocationCountDemo" name="test1" time="0.006"/>
  <system-out/>
</testsuite> <!-- day37.InvocationCountDemo -->
