<?xml version="1.0" encoding="UTF-8"?>
<!-- Generated by org.testng.reporters.JUnitReportReporter -->
<testsuite hostname="DESKTOP-UMEFVFH" failures="0" tests="2" name="day36.AllAnnotation" time="0.051" errors="0" timestamp="2024-04-23T15:22:36 IST" skipped="0">
  <testcase classname="day36.AllAnnotation" name="test1" time="0.045"/>
  <system-out/>
  <testcase classname="day36.AllAnnotation" name="test2" time="0.006"/>
  <system-out/>
</testsuite> <!-- day36.AllAnnotation -->
