<?xml version="1.0" encoding="UTF-8"?>
<!-- Generated by org.testng.reporters.JUnitReportReporter -->
<testsuite hostname="DESKTOP-UMEFVFH" failures="0" tests="2" name="day36.AnnotationDemo1" time="0.060" errors="0" timestamp="2024-04-23T11:34:24 IST" skipped="0">
  <testcase classname="day36.AnnotationDemo1" name="search" time="0.043"/>
  <system-out/>
  <testcase classname="day36.AnnotationDemo1" name="advancesearch" time="0.017"/>
  <system-out/>
</testsuite> <!-- day36.AnnotationDemo1 -->
