<?xml version="1.0" encoding="UTF-8"?>
<!-- Generated by org.testng.reporters.JUnitReportReporter -->
<testsuite hostname="DESKTOP-UMEFVFH" failures="0" tests="2" name="day36.AnnotationDemo2" time="0.027" errors="0" timestamp="2024-04-23T14:26:40 IST" skipped="0">
  <testcase classname="day36.AnnotationDemo2" name="search" time="0.021"/>
  <system-out/>
  <testcase classname="day36.AnnotationDemo2" name="Advancesearch" time="0.006"/>
  <system-out/>
</testsuite> <!-- day36.AnnotationDemo2 -->
