<?xml version="1.0" encoding="UTF-8"?>
<!-- Generated by org.testng.reporters.JUnitReportReporter -->
<testsuite hostname="DESKTOP-UMEFVFH" failures="0" tests="4" name="day37.ParamTest" time="1.844" errors="0" timestamp="2024-04-24T21:13:49 IST" skipped="0">
  <testcase classname="day37.ParamTest" name="testlogo" time="0.251"/>
  <system-out/>
  <testcase classname="day37.ParamTest" name="testlogo" time="1.452"/>
  <system-out/>
  <testcase classname="day37.ParamTest" name="testhomepageTitle" time="0.046"/>
  <system-out/>
  <testcase classname="day37.ParamTest" name="testhomepageTitle" time="0.095"/>
  <system-out/>
</testsuite> <!-- day37.ParamTest -->
