<?xml version="1.0" encoding="UTF-8"?>
<!-- Generated by org.testng.reporters.JUnitReportReporter -->
<testsuite hostname="DESKTOP-UMEFVFH" failures="0" tests="11" name="day37.IncovationCountDemo" time="0.134" errors="0" timestamp="2024-04-24T18:16:19 IST" skipped="0">
  <testcase classname="day37.IncovationCountDemo" name="test2" time="0.002"/>
  <system-out/>
  <testcase classname="day37.IncovationCountDemo" name="test" time="0.032"/>
  <system-out/>
  <testcase classname="day37.IncovationCountDemo" name="test2" time="0.005"/>
  <system-out/>
  <testcase classname="day37.IncovationCountDemo" name="test2" time="0.004"/>
  <system-out/>
  <testcase classname="day37.IncovationCountDemo" name="test2" time="0.008"/>
  <system-out/>
  <testcase classname="day37.IncovationCountDemo" name="test2" time="0.007"/>
  <system-out/>
  <testcase classname="day37.IncovationCountDemo" name="test2" time="0.008"/>
  <system-out/>
  <testcase classname="day37.IncovationCountDemo" name="test2" time="0.005"/>
  <system-out/>
  <testcase classname="day37.IncovationCountDemo" name="test2" time="0.002"/>
  <system-out/>
  <testcase classname="day37.IncovationCountDemo" name="test2" time="0.052"/>
  <system-out/>
  <testcase classname="day37.IncovationCountDemo" name="test2" time="0.009"/>
  <system-out/>
</testsuite> <!-- day37.IncovationCountDemo -->
