<?xml version="1.0" encoding="UTF-8"?>
<!-- Generated by org.testng.reporters.JUnitReportReporter -->
<testsuite hostname="DESKTOP-UMEFVFH" failures="0" tests="4" name="day38.ParameterizedTest" time="31.032" errors="0" timestamp="2024-04-25T00:51:08 IST" skipped="0">
  <testcase classname="day38.ParameterizedTest" name="testlogo" time="12.557"/>
  <system-out/>
  <testcase classname="day38.ParameterizedTest" name="testlogo" time="16.063"/>
  <system-out/>
  <testcase classname="day38.ParameterizedTest" name="testhomepageTitle" time="1.111"/>
  <system-out/>
  <testcase classname="day38.ParameterizedTest" name="testhomepageTitle" time="1.301"/>
  <system-out/>
</testsuite> <!-- day38.ParameterizedTest -->
