<?xml version="1.0" encoding="UTF-8"?>
<!-- Generated by org.testng.reporters.JUnitReportReporter -->
<testsuite hostname="DESKTOP-UMEFVFH" failures="0" tests="3" name="day35.ThirdTest3" time="38.421" errors="0" timestamp="2024-04-22T23:35:07 IST" skipped="0">
  <testcase classname="day35.ThirdTest3" name="test1" time="25.249"/>
  <system-out/>
  <testcase classname="day35.ThirdTest3" name="test2" time="12.154"/>
  <system-out/>
  <testcase classname="day35.ThirdTest3" name="test3" time="1.018"/>
  <system-out/>
</testsuite> <!-- day35.ThirdTest3 -->
