<?xml version="1.0" encoding="UTF-8"?>
<!-- Generated by org.testng.reporters.JUnitReportReporter -->
<testsuite hostname="DESKTOP-UMEFVFH" failures="0" tests="3" name="day35.SecondTest" time="42.388" errors="0" timestamp="2024-04-22T23:35:07 IST" skipped="0">
  <testcase classname="day35.SecondTest" name="openApp" time="38.852"/>
  <system-out/>
  <testcase classname="day35.SecondTest" name="login" time="2.556"/>
  <system-out/>
  <testcase classname="day35.SecondTest" name="close" time="0.980"/>
  <system-out/>
</testsuite> <!-- day35.SecondTest -->
